#
# There is insufficient memory for the Java Runtime Environment to continue.
# Native memory allocation (mmap) failed to map 4030464 bytes for G1 virtual space
# Possible reasons:
#   The system is out of physical RAM or swap space
#   The process is running with CompressedOops enabled, and the Java Heap may be blocking the growth of the native heap
# Possible solutions:
#   Reduce memory load on the system
#   Increase physical memory or swap space
#   Check if swap backing store is full
#   Decrease Java heap size (-Xmx/-Xms)
#   Decrease number of Java threads
#   Decrease Java thread stack sizes (-Xss)
#   Set larger code cache with -XX:ReservedCodeCacheSize=
#   JVM is running with Zero Based Compressed Oops mode in which the Java heap is
#     placed in the first 32GB address space. The Java Heap base address is the
#     maximum limit for the native heap growth. Please use -XX:HeapBaseMinAddress
#     to set the Java Heap base and to place the Java Heap above 32GB virtual address.
# This output file may be truncated or incomplete.
#
#  Out of Memory Error (os_windows.cpp:3617), pid=32780, tid=16256
#
# JRE version:  (17.0.8.1+1) (build )
# Java VM: OpenJDK 64-Bit Server VM (17.0.8.1+1, mixed mode, sharing, tiered, compressed oops, compressed class ptrs, g1 gc, windows-amd64)
# No core dump will be written. Minidumps are not enabled by default on client versions of Windows
#

---------------  S U M M A R Y ------------

Command Line: -ea -Dfile.encoding=UTF-8 -XX:+ShowCodeDetailsInExceptionMessages org.eclipse.jdt.internal.junit.runner.RemoteTestRunner -version 3 -port 53541 -testLoaderClass org.eclipse.jdt.internal.junit4.runner.JUnit4TestLoader -loaderpluginname org.eclipse.jdt.junit4.runtime -classNames ObjetNommeTest

Host: AMD Ryzen 7 7840HS w/ Radeon 780M Graphics     , 16 cores, 15G,  Windows 11 , 64 bit Build 26100 (10.0.26100.7705)
Time: Wed Feb  4 16:29:58 2026 Paris, Madrid elapsed time: 0.020941 seconds (0d 0h 0m 0s)

---------------  T H R E A D  ---------------

Current thread (0x000002db7b07fd30):  JavaThread "Unknown thread" [_thread_in_vm, id=16256, stack(0x000000f2ae600000,0x000000f2ae700000)]

Stack: [0x000000f2ae600000,0x000000f2ae700000]
Native frames: (J=compiled Java code, j=interpreted, Vv=VM code, C=native code)
V  [jvm.dll+0x678b0a]
V  [jvm.dll+0x835e84]
V  [jvm.dll+0x83762e]
V  [jvm.dll+0x837c93]
V  [jvm.dll+0x24746f]
V  [jvm.dll+0x675859]
V  [jvm.dll+0x66a0ea]
V  [jvm.dll+0x306c7b]
V  [jvm.dll+0x30e166]
V  [jvm.dll+0x35dd68]
V  [jvm.dll+0x35df6f]
V  [jvm.dll+0x2ddb48]
V  [jvm.dll+0x2deab4]
V  [jvm.dll+0x807f31]
V  [jvm.dll+0x36bb21]
V  [jvm.dll+0x7e733c]
V  [jvm.dll+0x3ee4af]
V  [jvm.dll+0x3f00c1]
C  [jli.dll+0x528b]
C  [ucrtbase.dll+0x37b0]
C  [KERNEL32.DLL+0x2e8d7]
C  [ntdll.dll+0x8c40c]


---------------  P R O C E S S  ---------------

Threads class SMR info:
_java_thread_list=0x00007ff81fb6a018, length=0, elements={
}

Java Threads: ( => current thread )

Other Threads:
  0x000002db7b0ed8a0 GCTaskThread "GC Thread#0" [stack: 0x000000f2ae700000,0x000000f2ae800000] [id=6724]
  0x000002db7b0fdbf0 ConcurrentGCThread "G1 Main Marker" [stack: 0x000000f2ae800000,0x000000f2ae900000] [id=5660]
  0x000002db7b1005d0 ConcurrentGCThread "G1 Conc#0" [stack: 0x000000f2ae900000,0x000000f2aea00000] [id=25996]

[error occurred during error reporting (printing all threads), id 0xc0000005, EXCEPTION_ACCESS_VIOLATION (0xc0000005) at pc=0x00007ff81f33e587]

VM state: not at safepoint (not fully initialized)

VM Mutex/Monitor currently owned by a thread:  ([mutex/lock_event])
[0x000002db7b07b880] Heap_lock - owner thread: 0x000002db7b07fd30

Heap address: 0x000000070b600000, size: 3914 MB, Compressed Oops mode: Zero based, Oop shift amount: 3

CDS archive(s) mapped at: [0x0000000000000000-0x0000000000000000-0x0000000000000000), size 0, SharedBaseAddress: 0x0000000800000000, ArchiveRelocationMode: 1.
Narrow klass base: 0x0000000000000000, Narrow klass shift: 0, Narrow klass range: 0x0

GC Precious Log:
<Empty>

Heap:
 garbage-first heap   total 0K, used 0K [0x000000070b600000, 0x0000000800000000)
  region size 2048K, 0 young (0K), 0 survivors (0K)

[error occurred during error reporting (printing heap information), id 0xc0000005, EXCEPTION_ACCESS_VIOLATION (0xc0000005) at pc=0x00007ff81f722699]

GC Heap History (0 events):
No events

Dll operation events (1 events):
Event: 0.010 Loaded shared library C:\Users\loris\.p2\pool\plugins\org.eclipse.justj.openjdk.hotspot.jre.full.win32.x86_64_17.0.8.v20230831-1047\jre\bin\java.dll

Deoptimization events (0 events):
No events

Classes unloaded (0 events):
No events

Classes redefined (0 events):
No events

Internal exceptions (0 events):
No events

VM Operations (0 events):
No events

Events (0 events):
No events


Dynamic libraries:
0x00007ff765240000 - 0x00007ff76524e000 	C:\Users\loris\.p2\pool\plugins\org.eclipse.justj.openjdk.hotspot.jre.full.win32.x86_64_17.0.8.v20230831-1047\jre\bin\javaw.exe
0x00007ff921c20000 - 0x00007ff921e88000 	C:\WINDOWS\SYSTEM32\ntdll.dll
0x00007ff921320000 - 0x00007ff9213e9000 	C:\WINDOWS\System32\KERNEL32.DLL
0x00007ff91f2d0000 - 0x00007ff91f6c1000 	C:\WINDOWS\System32\KERNELBASE.dll
0x00007ff91f050000 - 0x00007ff91f19b000 	C:\WINDOWS\System32\ucrtbase.dll
0x00007ff8d17e0000 - 0x00007ff8d17f7000 	C:\Users\loris\.p2\pool\plugins\org.eclipse.justj.openjdk.hotspot.jre.full.win32.x86_64_17.0.8.v20230831-1047\jre\bin\jli.dll
0x00007ff8caa40000 - 0x00007ff8caa59000 	C:\Users\loris\.p2\pool\plugins\org.eclipse.justj.openjdk.hotspot.jre.full.win32.x86_64_17.0.8.v20230831-1047\jre\bin\VCRUNTIME140.dll
0x00007ff921540000 - 0x00007ff921706000 	C:\WINDOWS\System32\USER32.dll
0x00007ff91f990000 - 0x00007ff91f9b7000 	C:\WINDOWS\System32\win32u.dll
0x00007ff91d7d0000 - 0x00007ff91da63000 	C:\WINDOWS\WinSxS\amd64_microsoft.windows.common-controls_6595b64144ccf1df_6.0.26100.7705_none_3e06597ae3363b04\COMCTL32.dll
0x00007ff921420000 - 0x00007ff92144b000 	C:\WINDOWS\System32\GDI32.dll
0x00007ff921ad0000 - 0x00007ff921b79000 	C:\WINDOWS\System32\msvcrt.dll
0x00007ff91f1a0000 - 0x00007ff91f2cb000 	C:\WINDOWS\System32\gdi32full.dll
0x00007ff91f6d0000 - 0x00007ff91f773000 	C:\WINDOWS\System32\msvcp_win.dll
0x00007ff921720000 - 0x00007ff921751000 	C:\WINDOWS\System32\IMM32.DLL
0x00007ff916b00000 - 0x00007ff916b0c000 	C:\Users\loris\.p2\pool\plugins\org.eclipse.justj.openjdk.hotspot.jre.full.win32.x86_64_17.0.8.v20230831-1047\jre\bin\vcruntime140_1.dll
0x00007ff8c2570000 - 0x00007ff8c2601000 	C:\Users\loris\.p2\pool\plugins\org.eclipse.justj.openjdk.hotspot.jre.full.win32.x86_64_17.0.8.v20230831-1047\jre\bin\msvcp140.dll
0x00007ff81f050000 - 0x00007ff81fc9c000 	C:\Users\loris\.p2\pool\plugins\org.eclipse.justj.openjdk.hotspot.jre.full.win32.x86_64_17.0.8.v20230831-1047\jre\bin\server\jvm.dll
0x00007ff91fd50000 - 0x00007ff91fe04000 	C:\WINDOWS\System32\ADVAPI32.dll
0x00007ff920000000 - 0x00007ff9200a6000 	C:\WINDOWS\System32\sechost.dll
0x00007ff920830000 - 0x00007ff920948000 	C:\WINDOWS\System32\RPCRT4.dll
0x00007ff90f380000 - 0x00007ff90f38a000 	C:\WINDOWS\SYSTEM32\WSOCK32.dll
0x00007ff91dd60000 - 0x00007ff91ddbe000 	C:\WINDOWS\SYSTEM32\POWRPROF.dll
0x00007ff9104b0000 - 0x00007ff9104e5000 	C:\WINDOWS\SYSTEM32\WINMM.dll
0x00007ff920550000 - 0x00007ff9205c4000 	C:\WINDOWS\System32\WS2_32.dll
0x00007ff910130000 - 0x00007ff91013b000 	C:\WINDOWS\SYSTEM32\VERSION.dll
0x00007ff91dc30000 - 0x00007ff91dc44000 	C:\WINDOWS\SYSTEM32\UMPDC.dll
0x00007ff91ca10000 - 0x00007ff91ca2b000 	C:\WINDOWS\SYSTEM32\kernel.appcore.dll
0x00007ff916580000 - 0x00007ff91658a000 	C:\Users\loris\.p2\pool\plugins\org.eclipse.justj.openjdk.hotspot.jre.full.win32.x86_64_17.0.8.v20230831-1047\jre\bin\jimage.dll
0x00007ff91ddd0000 - 0x00007ff91e012000 	C:\WINDOWS\SYSTEM32\DBGHELP.DLL
0x00007ff91f9c0000 - 0x00007ff91fd46000 	C:\WINDOWS\System32\combase.dll
0x00007ff921460000 - 0x00007ff921537000 	C:\WINDOWS\System32\OLEAUT32.dll
0x00007ff91dc50000 - 0x00007ff91dc8b000 	C:\WINDOWS\SYSTEM32\dbgcore.DLL
0x00007ff91e670000 - 0x00007ff91e715000 	C:\WINDOWS\System32\bcryptPrimitives.dll
0x00007ff8d4fe0000 - 0x00007ff8d5005000 	C:\Users\loris\.p2\pool\plugins\org.eclipse.justj.openjdk.hotspot.jre.full.win32.x86_64_17.0.8.v20230831-1047\jre\bin\java.dll

dbghelp: loaded successfully - version: 4.0.5 - missing functions: none
symbol engine: initialized successfully - sym options: 0x614 - pdb path: .;C:\Users\loris\.p2\pool\plugins\org.eclipse.justj.openjdk.hotspot.jre.full.win32.x86_64_17.0.8.v20230831-1047\jre\bin;C:\WINDOWS\SYSTEM32;C:\WINDOWS\WinSxS\amd64_microsoft.windows.common-controls_6595b64144ccf1df_6.0.26100.7705_none_3e06597ae3363b04;C:\Users\loris\.p2\pool\plugins\org.eclipse.justj.openjdk.hotspot.jre.full.win32.x86_64_17.0.8.v20230831-1047\jre\bin\server

VM Arguments:
jvm_args: -ea -Dfile.encoding=UTF-8 -XX:+ShowCodeDetailsInExceptionMessages 
java_command: org.eclipse.jdt.internal.junit.runner.RemoteTestRunner -version 3 -port 53541 -testLoaderClass org.eclipse.jdt.internal.junit4.runner.JUnit4TestLoader -loaderpluginname org.eclipse.jdt.junit4.runtime -classNames ObjetNommeTest
java_class_path (initial): C:\Users\loris\OneDrive\Bureau\Cours\NFP121 - Programmation avanc嶪\NFP121\TP10\bin;C:\Users\loris\.p2\pool\plugins\org.junit_4.13.2.v20211018-1956.jar;C:\Users\loris\.p2\pool\plugins\org.hamcrest.core_1.3.0.v20180420-1519.jar;C:\Users\loris\eclipse\java-2023-06\eclipse\configuration\org.eclipse.osgi\246\0\.cp;C:\Users\loris\eclipse\java-2023-06\eclipse\configuration\org.eclipse.osgi\245\0\.cp
Launcher Type: SUN_STANDARD

[Global flags]
     intx CICompilerCount                          = 12                                        {product} {ergonomic}
     uint ConcGCThreads                            = 3                                         {product} {ergonomic}
     uint G1ConcRefinementThreads                  = 13                                        {product} {ergonomic}
   size_t G1HeapRegionSize                         = 2097152                                   {product} {ergonomic}
    uintx GCDrainStackTargetSize                   = 64                                        {product} {ergonomic}
   size_t InitialHeapSize                          = 257949696                                 {product} {ergonomic}
   size_t MarkStackSize                            = 4194304                                   {product} {ergonomic}
   size_t MaxHeapSize                              = 4104126464                                {product} {ergonomic}
   size_t MinHeapDeltaBytes                        = 2097152                                   {product} {ergonomic}
   size_t MinHeapSize                              = 8388608                                   {product} {ergonomic}
    uintx NonNMethodCodeHeapSize                   = 7602480                                {pd product} {ergonomic}
    uintx NonProfiledCodeHeapSize                  = 122027880                              {pd product} {ergonomic}
    uintx ProfiledCodeHeapSize                     = 122027880                              {pd product} {ergonomic}
    uintx ReservedCodeCacheSize                    = 251658240                              {pd product} {ergonomic}
     bool SegmentedCodeCache                       = true                                      {product} {ergonomic}
     bool ShowCodeDetailsInExceptionMessages       = true                                   {manageable} {command line}
   size_t SoftMaxHeapSize                          = 4104126464                             {manageable} {ergonomic}
     bool UseCompressedClassPointers               = true                           {product lp64_product} {ergonomic}
     bool UseCompressedOops                        = true                           {product lp64_product} {ergonomic}
     bool UseG1GC                                  = true                                      {product} {ergonomic}
     bool UseLargePagesIndividualAllocation        = false                                  {pd product} {ergonomic}

Logging:
Log output configuration:
 #0: stdout all=warning uptime,level,tags
 #1: stderr all=off uptime,level,tags

Environment Variables:
JAVA_HOME=C:\Users\loris\AppData\Local\Programs\Eclipse Adoptium\jdk-17.0.11.9-hotspot\
PATH=C:/Users/loris/.p2/pool/plugins/org.eclipse.justj.openjdk.hotspot.jre.full.win32.x86_64_17.0.8.v20230831-1047/jre/bin/server;C:/Users/loris/.p2/pool/plugins/org.eclipse.justj.openjdk.hotspot.jre.full.win32.x86_64_17.0.8.v20230831-1047/jre/bin;C:\Program Files (x86)\VMware\VMware Workstation\bin\;C:\Program Files\Eclipse Adoptium\jdk-21.0.3.9-hotspot\bin;C:\windows\system32;C:\windows;C:\windows\System32\Wbem;C:\windows\System32\WindowsPowerShell\v1.0\;C:\windows\System32\OpenSSH\;C:\Program Files (x86)\NVIDIA Corporation\PhysX\Common;C:\Users\Administrator\AppData\Local\Microsoft\WindowsApps;C:\Windows;C:\Windows\System32;C:\Windows\System32\WindowsPowerShell\v1.0\;C:\Program Files\HP\OMEN-Broadcast\Common;C:\Program Files\PuTTY\;C:\gnat\2021\bin;C:\Program Files\nodejs\;C:\ProgramData\chocolatey\bin;C:\Program Files\Git\cmd;C:\Program Files (x86)\Windows Kits\10\Windows Performance Toolkit\;C:\Program Files\dotnet\;C:\Program Files\WiX Toolset v5.0\bin\;C:\Program Files\NVIDIA Corporation\NVIDIA app\NvDLISR;C:\WINDOWS\system32;C:\WINDOWS;C:\WINDOWS\System32\Wbem;C:\WINDOWS\System32\WindowsPowerShell\v1.0\;C:\WINDOWS\System32\OpenSSH\;C:\adb;C:\Program Files\Docker\Docker\resources\bin;C:\Program Files\MongoDB\Server\8.0\bin;C:\Program Files (x86)\PDFtk Server\bin\;C:\UwAmp\bin\php\php-7.2.7;C:\ProgramData\ComposerSetup\bin;C:\Users\loris\Flutter\flutter\bin;C:\Users\loris\AppData\Local\Programs\Eclipse Adoptium\jdk-17.0.11.9-hotspot\bin;C:\Users\loris\AppData\Local\Programs\Python\Launcher\;C:\Users\loris\AppData\Local\Programs\Python\Python312\Scripts\;C:\Users\loris\AppData\Local\Programs\Python\Python312\;C:\GtkAda\bin;C:\Users\loris\AppData\Local\Microsoft\WindowsApps;C:\GNAT\2020\bin;C:\Users\loris\AppData\Roaming\npm;C:\Users\loris\.dotnet\tools;C:\Users\loris\AppData\Local\Programs\Microsoft VS Code\bin;C:\Users\loris\AppData\Local\Programs\mongosh\;C:\Users\loris\AppData\Roaming\Composer\vendor\bin;C:\Users\loris\AppData\Local\PowerToys\;C:\WINDOWS\System
USERNAME=loris
OS=Windows_NT
PROCESSOR_IDENTIFIER=AMD64 Family 25 Model 116 Stepping 1, AuthenticAMD
TMP=C:\Users\loris\AppData\Local\Temp
TEMP=C:\Users\loris\AppData\Local\Temp



---------------  S Y S T E M  ---------------

OS:
 Windows 11 , 64 bit Build 26100 (10.0.26100.7705)
OS uptime: 2 days 0:05 hours
Hyper-V role detected

CPU: total 16 (initial active 16) (16 cores per cpu, 2 threads per core) family 25 model 116 stepping 1 microcode 0xa704109, cx8, cmov, fxsr, ht, mmx, 3dnowpref, sse, sse2, sse3, ssse3, sse4a, sse4.1, sse4.2, popcnt, lzcnt, tsc, tscinvbit, avx, avx2, aes, erms, clmul, bmi1, bmi2, adx, avx512f, avx512dq, avx512cd, avx512bw, avx512vl, sha, fma, vzeroupper, avx512_vpopcntdq, avx512_vpclmulqdq, avx512_vaes, avx512_vnni, clflush, clflushopt, avx512_vbmi2, avx512_vbmi, hv
Processor Information for all 16 processors :
  Max Mhz: 3801, Current Mhz: 2516, Mhz Limit: 3801

Memory: 4k page, system-wide physical 15654M (2836M free)
TotalPageFile size 23572M (AvailPageFile size 16M)
current process WorkingSet (physical memory assigned to process): 12M, peak: 12M
current process commit charge ("private bytes"): 321M, peak: 325M

vm_info: OpenJDK 64-Bit Server VM (17.0.8.1+1) for windows-amd64 JRE (17.0.8.1+1), built on Aug 23 2023 15:29:17 by "admin" with MS VC++ 16.7 (VS2019)

END.
